Charm++: standalone mode (not using charmrun)
Charm++> Running in Multicore mode:  1 threads
Charm++> Using recursive bisection (scheme 3) for topology aware partitions
Converse/Charm++ Commit ID: v6.7.1-0-gbdf6a1b-namd-charm-6.7.1-build-2016-Nov-07-136676
Warning> Randomization of stack pointer is turned on in kernel, thread migration may not work! Run 'echo 0 > /proc/sys/kernel/randomize_va_space' as root to disable it, or try run with '+isomalloc_sync'.  
CharmLB> Load balancer assumes all CPUs are same.
Charm++> Running on 1 unique compute nodes (8-way SMP).
Charm++> cpu topology info is gathered in 0.000 seconds.
Info: NAMD 2.12 for Linux-x86_64-multicore
Info: 
Info: Please visit http://www.ks.uiuc.edu/Research/namd/
Info: for updates, documentation, and support information.
Info: 
Info: Please cite Phillips et al., J. Comp. Chem. 26:1781-1802 (2005)
Info: in all publications reporting results obtained with NAMD.
Info: 
Info: Based on Charm++/Converse 60701 for multicore-linux64-iccstatic
Info: Built Wed Dec 21 11:36:52 CST 2016 by jim on harare.ks.uiuc.edu
Info: 1 NAMD  2.12  Linux-x86_64-multicore  1    pitico  leandro
Info: Running on 1 processors, 1 nodes, 1 physical nodes.
Info: CPU topology information available.
Info: Charm++/Converse parallel runtime startup completed at 0.00161099 s
CkLoopLib is used in SMP with a simple dynamic scheduling (converse-level notification) but not using node-level queue
Info: 47.8906 MB of memory in use based on /proc/self/stat
Info: Configuration file is namd-temp.namd
Info: Working in the current directory /home/leandro/programs/namdjl/examples
TCL: Suspending until startup complete.
Info: SIMULATION PARAMETERS:
Info: TIMESTEP               1
Info: NUMBER OF STEPS        1
Info: STEPS PER CYCLE        20
Info: LOAD BALANCER  Centralized
Info: LOAD BALANCING STRATEGY  New Load Balancers -- DEFAULT
Info: LDB PERIOD             4000 steps
Info: FIRST LDB TIMESTEP     100
Info: LAST LDB TIMESTEP     -1
Info: LDB BACKGROUND SCALING 1
Info: HOM BACKGROUND SCALING 1
Info: MIN ATOMS PER PATCH    40
Info: INITIAL TEMPERATURE    0
Info: CENTER OF MASS MOVING INITIALLY? YES
Info: DIELECTRIC             1
Info: EXCLUDE                SCALED ONE-FOUR
Info: 1-4 ELECTROSTATICS SCALED BY 1
Info: MODIFIED 1-4 VDW PARAMETERS WILL BE USED
Info: NO DCD TRAJECTORY OUTPUT
Info: NO EXTENDED SYSTEM TRAJECTORY OUTPUT
Info: NO VELOCITY DCD OUTPUT
Info: NO FORCE DCD OUTPUT
Info: OUTPUT FILENAME        namd-temp
Info: BINARY OUTPUT FILES WILL BE USED
Info: NO RESTART FILE
Info: SWITCHING ACTIVE
Info: SWITCHING ON           10
Info: SWITCHING OFF          12
Info: PAIRLIST DISTANCE      12
Info: PAIRLIST SHRINK RATE   0.01
Info: PAIRLIST GROW RATE     0.01
Info: PAIRLIST TRIGGER       0.3
Info: PAIRLISTS PER CYCLE    2
Info: PAIRLISTS ENABLED
Info: MARGIN                 0
Info: HYDROGEN GROUP CUTOFF  2.5
Info: PATCH DIMENSION        14.5
Info: CROSSTERM ENERGY INCLUDED IN DIHEDRAL
Info: TIMING OUTPUT STEPS    100
Info: PAIR INTERACTION CALCULATIONS ACTIVE
Info: USING FLAG 1 FOR GROUP 1
Info: USING FLAG 2 FOR GROUP 2
Info: USING VERLET I (r-RESPA) MTS SCHEME.
Info: C1 SPLITTING OF LONG RANGE ELECTROSTATICS
Info: PLACING ATOMS IN PATCHES BY HYDROGEN GROUPS
Info: RANDOM NUMBER SEED     1556023417
Info: USE HYDROGEN BONDS?    NO
Info: COORDINATE PDB         namd-temp.pdb
Info: STRUCTURE FILE         structure.psf
Info: PARAMETER file: CHARMM format! 
Info: PARAMETERS             /home/leandro/programs/vmd/plugins/noarch/tcl/readcharmmpar1.2/par_all27_prot_lipid_na.inp
Info: PARAMETERS             /home/leandro/programs/toppar/charmm/par_all36_prot.prm
Info: PARAMETERS             /home/leandro/programs/toppar/charmm/toppar_water_ions.str
Info: PARAMETERS             /home/leandro/programs/toppar/charmm/par_all36_lipid.prm
Info: USING ARITHMETIC MEAN TO COMBINE L-J SIGMA PARAMETERS

Warning: DUPLICATE ANGLE ENTRY FOR CPH1-NR1-CPH2
PREVIOUS VALUES  k=130  theta0=107.5 k_ub=0 r_ub=0
   USING VALUES  k=130  theta0=107 k_ub=0 r_ub=0

Warning: DUPLICATE BOND ENTRY FOR CA-CPT
PREVIOUS VALUES  k=305  x0=1.368
   USING VALUES  k=300  x0=1.36

Warning: DUPLICATE BOND ENTRY FOR CPT-CPT
PREVIOUS VALUES  k=360  x0=1.4
   USING VALUES  k=360  x0=1.385

Warning: DUPLICATE BOND ENTRY FOR CPT-CY
PREVIOUS VALUES  k=350  x0=1.44
   USING VALUES  k=350  x0=1.43

Warning: DUPLICATE BOND ENTRY FOR CT2-CY
PREVIOUS VALUES  k=230  x0=1.51
   USING VALUES  k=375  x0=1.492

Warning: DUPLICATE BOND ENTRY FOR CPT-NY
PREVIOUS VALUES  k=270  x0=1.375
   USING VALUES  k=270  x0=1.37

Warning: DUPLICATE BOND ENTRY FOR H-NY
PREVIOUS VALUES  k=465  x0=0.976
   USING VALUES  k=537.5  x0=0.976

Warning: DUPLICATE BOND ENTRY FOR C-NC2
PREVIOUS VALUES  k=463  x0=1.365
   USING VALUES  k=450  x0=1.365

Warning: DUPLICATE BOND ENTRY FOR CT2-NC2
PREVIOUS VALUES  k=261  x0=1.49
   USING VALUES  k=390  x0=1.49

Warning: DUPLICATE BOND ENTRY FOR CT3-NC2
PREVIOUS VALUES  k=261  x0=1.49
   USING VALUES  k=390  x0=1.49

Warning: DUPLICATE ANGLE ENTRY FOR CA-CA-CPT
PREVIOUS VALUES  k=60  theta0=118 k_ub=0 r_ub=0
   USING VALUES  k=50  theta0=113.2 k_ub=0 r_ub=0

Warning: DUPLICATE ANGLE ENTRY FOR CA-CPT-CPT
PREVIOUS VALUES  k=60  theta0=122 k_ub=0 r_ub=0
   USING VALUES  k=50  theta0=110 k_ub=0 r_ub=0

Warning: DUPLICATE ANGLE ENTRY FOR CA-CY-CPT
PREVIOUS VALUES  k=120  theta0=107.4 k_ub=25 r_ub=2.261
   USING VALUES  k=85  theta0=106.4 k_ub=25 r_ub=2.261

Warning: DUPLICATE ANGLE ENTRY FOR CA-NY-CPT
PREVIOUS VALUES  k=110  theta0=108 k_ub=0 r_ub=0
   USING VALUES  k=85  theta0=112 k_ub=0 r_ub=0

Warning: DUPLICATE ANGLE ENTRY FOR CA-CY-CT2
PREVIOUS VALUES  k=45.8  theta0=129.4 k_ub=0 r_ub=0
   USING VALUES  k=30  theta0=127 k_ub=0 r_ub=0

Warning: DUPLICATE ANGLE ENTRY FOR CPT-CY-CT2
PREVIOUS VALUES  k=45.8  theta0=124 k_ub=0 r_ub=0
   USING VALUES  k=30  theta0=126.7 k_ub=0 r_ub=0

Warning: DUPLICATE ANGLE ENTRY FOR CA-CPT-CY
PREVIOUS VALUES  k=160  theta0=130.6 k_ub=0 r_ub=0
   USING VALUES  k=130  theta0=133.5 k_ub=0 r_ub=0

Warning: DUPLICATE ANGLE ENTRY FOR CPT-CPT-CY
PREVIOUS VALUES  k=110  theta0=107.4 k_ub=0 r_ub=0
   USING VALUES  k=85  theta0=108 k_ub=0 r_ub=0

Warning: DUPLICATE ANGLE ENTRY FOR CY-CA-NY
PREVIOUS VALUES  k=120  theta0=110 k_ub=25 r_ub=2.24
   USING VALUES  k=85  theta0=110.5 k_ub=25 r_ub=2.24

Warning: DUPLICATE ANGLE ENTRY FOR CA-CPT-NY
PREVIOUS VALUES  k=160  theta0=130.6 k_ub=0 r_ub=0
   USING VALUES  k=130  theta0=129.5 k_ub=0 r_ub=0

Warning: DUPLICATE ANGLE ENTRY FOR CPT-CPT-NY
PREVIOUS VALUES  k=110  theta0=107.4 k_ub=0 r_ub=0
   USING VALUES  k=95  theta0=107.4 k_ub=0 r_ub=0

Warning: DUPLICATE ANGLE ENTRY FOR CPH1-NR1-CPH2
PREVIOUS VALUES  k=130  theta0=107 k_ub=0 r_ub=0
   USING VALUES  k=130  theta0=107.5 k_ub=0 r_ub=0

Warning: DUPLICATE ANGLE ENTRY FOR NC2-C-NC2
PREVIOUS VALUES  k=52  theta0=120 k_ub=90 r_ub=2.3642
   USING VALUES  k=40  theta0=120 k_ub=70 r_ub=2.31

Warning: DUPLICATE DIHEDRAL ENTRY FOR CA-CPT-CPT-CA
PREVIOUS VALUES MULTIPLICITY: 1
  k=3.1  n=2  delta=180
Warning: IDENTICAL PERIODICITY! REPLACING OLD VALUES BY: 
  k=3  n=2  delta=180

Warning: DUPLICATE DIHEDRAL ENTRY FOR CPT-CA-CA-CA
PREVIOUS VALUES MULTIPLICITY: 1
  k=3.1  n=2  delta=180
Warning: IDENTICAL PERIODICITY! REPLACING OLD VALUES BY: 
  k=3  n=2  delta=180

Warning: DUPLICATE DIHEDRAL ENTRY FOR CPT-CPT-CA-CA
PREVIOUS VALUES MULTIPLICITY: 1
  k=3.1  n=2  delta=180
Warning: IDENTICAL PERIODICITY! REPLACING OLD VALUES BY: 
  k=3  n=2  delta=180

Warning: DUPLICATE DIHEDRAL ENTRY FOR CPT-CPT-CY-CA
PREVIOUS VALUES MULTIPLICITY: 1
  k=4  n=2  delta=180
Warning: IDENTICAL PERIODICITY! REPLACING OLD VALUES BY: 
  k=5  n=2  delta=180

Warning: DUPLICATE DIHEDRAL ENTRY FOR CPT-CPT-NY-CA
PREVIOUS VALUES MULTIPLICITY: 1
  k=5  n=2  delta=180
Warning: IDENTICAL PERIODICITY! REPLACING OLD VALUES BY: 
  k=6.5  n=2  delta=180

Warning: DUPLICATE DIHEDRAL ENTRY FOR CT2-CY-CPT-CA
PREVIOUS VALUES MULTIPLICITY: 1
  k=3  n=2  delta=180
Warning: IDENTICAL PERIODICITY! REPLACING OLD VALUES BY: 
  k=2.5  n=2  delta=180

Warning: DUPLICATE DIHEDRAL ENTRY FOR CY-CA-NY-CPT
PREVIOUS VALUES MULTIPLICITY: 1
  k=5  n=2  delta=180
Warning: IDENTICAL PERIODICITY! REPLACING OLD VALUES BY: 
  k=6  n=2  delta=180

Warning: DUPLICATE DIHEDRAL ENTRY FOR CY-CPT-CA-CA
PREVIOUS VALUES MULTIPLICITY: 1
  k=3  n=2  delta=180
Warning: IDENTICAL PERIODICITY! REPLACING OLD VALUES BY: 
  k=4  n=2  delta=180

Warning: DUPLICATE DIHEDRAL ENTRY FOR CY-CPT-CPT-CA
PREVIOUS VALUES MULTIPLICITY: 1
  k=10  n=2  delta=180
Warning: IDENTICAL PERIODICITY! REPLACING OLD VALUES BY: 
  k=4  n=2  delta=180

Warning: DUPLICATE DIHEDRAL ENTRY FOR H-NY-CA-CY
PREVIOUS VALUES MULTIPLICITY: 1
  k=0.8  n=2  delta=180
Warning: IDENTICAL PERIODICITY! REPLACING OLD VALUES BY: 
  k=0.05  n=2  delta=180

Warning: DUPLICATE DIHEDRAL ENTRY FOR H-NY-CPT-CA
PREVIOUS VALUES MULTIPLICITY: 1
  k=0.8  n=2  delta=180
Warning: IDENTICAL PERIODICITY! REPLACING OLD VALUES BY: 
  k=0.2  n=2  delta=180

Warning: DUPLICATE DIHEDRAL ENTRY FOR H-NY-CPT-CPT
PREVIOUS VALUES MULTIPLICITY: 1
  k=0.8  n=2  delta=180
Warning: IDENTICAL PERIODICITY! REPLACING OLD VALUES BY: 
  k=0.85  n=2  delta=180

Warning: DUPLICATE DIHEDRAL ENTRY FOR HP-CA-CPT-CY
PREVIOUS VALUES MULTIPLICITY: 1
  k=3  n=2  delta=180
Warning: IDENTICAL PERIODICITY! REPLACING OLD VALUES BY: 
  k=4  n=2  delta=180

Warning: DUPLICATE DIHEDRAL ENTRY FOR HP-CA-CY-CPT
PREVIOUS VALUES MULTIPLICITY: 1
  k=2  n=2  delta=180
Warning: IDENTICAL PERIODICITY! REPLACING OLD VALUES BY: 
  k=2.8  n=2  delta=180

Warning: DUPLICATE DIHEDRAL ENTRY FOR HP-CA-NY-CPT
PREVIOUS VALUES MULTIPLICITY: 1
  k=2  n=2  delta=180
Warning: IDENTICAL PERIODICITY! REPLACING OLD VALUES BY: 
  k=2.6  n=2  delta=180

Warning: DUPLICATE DIHEDRAL ENTRY FOR HP-CY-CPT-CPT
PREVIOUS VALUES MULTIPLICITY: 1
  k=2.8  n=2  delta=180
Warning: IDENTICAL PERIODICITY! REPLACING OLD VALUES BY: 
  k=2.6  n=2  delta=180

Warning: DUPLICATE DIHEDRAL ENTRY FOR NY-CA-CY-CPT
PREVIOUS VALUES MULTIPLICITY: 1
  k=4  n=2  delta=180
Warning: IDENTICAL PERIODICITY! REPLACING OLD VALUES BY: 
  k=5  n=2  delta=180

Warning: DUPLICATE DIHEDRAL ENTRY FOR NY-CA-CY-CT2
PREVIOUS VALUES MULTIPLICITY: 1
  k=3.5  n=2  delta=180
Warning: IDENTICAL PERIODICITY! REPLACING OLD VALUES BY: 
  k=2.5  n=2  delta=180

Warning: DUPLICATE DIHEDRAL ENTRY FOR NY-CPT-CA-CA
PREVIOUS VALUES MULTIPLICITY: 1
  k=2.8  n=2  delta=180
Warning: IDENTICAL PERIODICITY! REPLACING OLD VALUES BY: 
  k=3  n=2  delta=180

Warning: DUPLICATE DIHEDRAL ENTRY FOR NY-CPT-CPT-CA
PREVIOUS VALUES MULTIPLICITY: 1
  k=10  n=2  delta=180
Warning: IDENTICAL PERIODICITY! REPLACING OLD VALUES BY: 
  k=4  n=2  delta=180

Warning: DUPLICATE DIHEDRAL ENTRY FOR NY-CPT-CPT-CY
PREVIOUS VALUES MULTIPLICITY: 1
  k=5  n=2  delta=180
Warning: IDENTICAL PERIODICITY! REPLACING OLD VALUES BY: 
  k=6.5  n=2  delta=180

Warning: DUPLICATE DIHEDRAL ENTRY FOR CT3-CT2-CY-CA
PREVIOUS VALUES MULTIPLICITY: 1
  k=0.23  n=2  delta=180
Warning: IDENTICAL PERIODICITY! REPLACING OLD VALUES BY: 
  k=0.38  n=2  delta=0

Warning: DUPLICATE DIHEDRAL ENTRY FOR CT3-CT2-CY-CPT
PREVIOUS VALUES MULTIPLICITY: 1
  k=0.23  n=2  delta=180
Warning: IDENTICAL PERIODICITY! REPLACING OLD VALUES BY: 
  k=0.25  n=2  delta=180

Warning: DUPLICATE DIHEDRAL ENTRY FOR CC-CT2-NH1-C
PREVIOUS VALUES MULTIPLICITY: 1
  k=0.2  n=1  delta=180
Warning: IDENTICAL PERIODICITY! REPLACING OLD VALUES BY: 
  k=2  n=1  delta=180

Warning: DUPLICATE DIHEDRAL ENTRY FOR CD-CT2-NH1-C
PREVIOUS VALUES MULTIPLICITY: 1
  k=0.2  n=1  delta=180
Warning: IDENTICAL PERIODICITY! REPLACING OLD VALUES BY: 
  k=2  n=1  delta=180

Warning: DUPLICATE DIHEDRAL ENTRY FOR CT2-CT2-CT2-CT2
PREVIOUS VALUES MULTIPLICITY: 1
  k=0.15  n=1  delta=0
INCREASING MULTIPLICITY TO: 2
  k=0.1  n=2  delta=180

Warning: DUPLICATE DIHEDRAL ENTRY FOR CT3-CT2-CT2-CT2
PREVIOUS VALUES MULTIPLICITY: 1
  k=0.15  n=1  delta=0
INCREASING MULTIPLICITY TO: 2
  k=0.1  n=2  delta=180

Warning: DUPLICATE DIHEDRAL ENTRY FOR CT3-CT2-CT2-CT2
PREVIOUS VALUES MULTIPLICITY: 2
  k=0.15  n=1  delta=0
  k=0.1  n=2  delta=180
INCREASING MULTIPLICITY TO: 3
  k=0.15  n=4  delta=0

Warning: DUPLICATE DIHEDRAL ENTRY FOR CT3-CT2-CT2-CT2
PREVIOUS VALUES MULTIPLICITY: 3
  k=0.15  n=1  delta=0
  k=0.1  n=2  delta=180
  k=0.15  n=4  delta=0
INCREASING MULTIPLICITY TO: 4
  k=0.1  n=6  delta=180

Warning: DUPLICATE DIHEDRAL ENTRY FOR NH3-CT2-C-NH1
PREVIOUS VALUES MULTIPLICITY: 1
  k=0.4  n=1  delta=0
Warning: IDENTICAL PERIODICITY! REPLACING OLD VALUES BY: 
  k=1  n=1  delta=0

Warning: DUPLICATE DIHEDRAL ENTRY FOR X-CT2-CT2-X
PREVIOUS VALUES MULTIPLICITY: 1
  k=0.195  n=3  delta=0
Warning: IDENTICAL PERIODICITY! REPLACING OLD VALUES BY: 
  k=0.19  n=3  delta=0

Warning: DUPLICATE DIHEDRAL ENTRY FOR X-CT3-CT3-X
PREVIOUS VALUES MULTIPLICITY: 1
  k=0.155  n=3  delta=0
Warning: IDENTICAL PERIODICITY! REPLACING OLD VALUES BY: 
  k=0.1525  n=3  delta=0

Warning: DUPLICATE DIHEDRAL ENTRY FOR HS-S-CT2-CT1
PREVIOUS VALUES MULTIPLICITY: 3
  k=0.24  n=1  delta=0
Warning: IDENTICAL PERIODICITY! REPLACING OLD VALUES BY: 
  k=0.2  n=1  delta=0

Warning: DUPLICATE DIHEDRAL ENTRY FOR HS-S-CT2-CT1
PREVIOUS VALUES MULTIPLICITY: 3
  k=0.2  n=1  delta=0
  k=0.15  n=2  delta=0
Warning: IDENTICAL PERIODICITY! REPLACING OLD VALUES BY: 
  k=0.65  n=2  delta=0

Warning: DUPLICATE DIHEDRAL ENTRY FOR HS-S-CT2-CT1
PREVIOUS VALUES MULTIPLICITY: 3
  k=0.2  n=1  delta=0
  k=0.65  n=2  delta=0
  k=0.27  n=3  delta=0
Warning: IDENTICAL PERIODICITY! REPLACING OLD VALUES BY: 
  k=0.22  n=3  delta=0

Warning: DUPLICATE DIHEDRAL ENTRY FOR CT1-CT2-CPH1-CPH1
PREVIOUS VALUES MULTIPLICITY: 3
  k=0.2  n=1  delta=0
Warning: IDENTICAL PERIODICITY! REPLACING OLD VALUES BY: 
  k=1.74  n=1  delta=0

Warning: DUPLICATE DIHEDRAL ENTRY FOR CT1-CT2-CPH1-CPH1
PREVIOUS VALUES MULTIPLICITY: 3
  k=1.74  n=1  delta=0
  k=0.27  n=2  delta=0
Warning: IDENTICAL PERIODICITY! REPLACING OLD VALUES BY: 
  k=0.15  n=2  delta=0

Warning: DUPLICATE DIHEDRAL ENTRY FOR CT1-CT2-CPH1-CPH1
PREVIOUS VALUES MULTIPLICITY: 3
  k=1.74  n=1  delta=0
  k=0.15  n=2  delta=0
  k=0  n=3  delta=0
Warning: IDENTICAL PERIODICITY! REPLACING OLD VALUES BY: 
  k=0.77  n=3  delta=180

Warning: DUPLICATE DIHEDRAL ENTRY FOR NR1-CPH1-CT2-CT1
PREVIOUS VALUES MULTIPLICITY: 1
  k=0.19  n=3  delta=0
INCREASING MULTIPLICITY TO: 2
  k=1.49  n=1  delta=0

Warning: DUPLICATE DIHEDRAL ENTRY FOR NR1-CPH1-CT2-CT1
PREVIOUS VALUES MULTIPLICITY: 2
  k=0.19  n=3  delta=0
  k=1.49  n=1  delta=0
INCREASING MULTIPLICITY TO: 3
  k=0.09  n=2  delta=180

Warning: DUPLICATE DIHEDRAL ENTRY FOR NR1-CPH1-CT2-CT1
PREVIOUS VALUES MULTIPLICITY: 3
  k=0.19  n=3  delta=0
Warning: IDENTICAL PERIODICITY! REPLACING OLD VALUES BY: 
  k=0.79  n=3  delta=180

Warning: DUPLICATE DIHEDRAL ENTRY FOR NR2-CPH1-CT2-CT1
PREVIOUS VALUES MULTIPLICITY: 1
  k=0.19  n=3  delta=0
INCREASING MULTIPLICITY TO: 2
  k=1.09  n=1  delta=0

Warning: DUPLICATE DIHEDRAL ENTRY FOR NR2-CPH1-CT2-CT1
PREVIOUS VALUES MULTIPLICITY: 2
  k=0.19  n=3  delta=0
  k=1.09  n=1  delta=0
INCREASING MULTIPLICITY TO: 3
  k=0.09  n=2  delta=0

Warning: DUPLICATE DIHEDRAL ENTRY FOR NR2-CPH1-CT2-CT1
PREVIOUS VALUES MULTIPLICITY: 3
  k=0.19  n=3  delta=0
Warning: IDENTICAL PERIODICITY! REPLACING OLD VALUES BY: 
  k=0.67  n=3  delta=180

Warning: DUPLICATE DIHEDRAL ENTRY FOR CT1-CT2-CA-CA
PREVIOUS VALUES MULTIPLICITY: 1
  k=0.23  n=2  delta=180
INCREASING MULTIPLICITY TO: 2
  k=1.07  n=1  delta=0

Warning: DUPLICATE DIHEDRAL ENTRY FOR CT1-CT2-CA-CA
PREVIOUS VALUES MULTIPLICITY: 2
  k=0.23  n=2  delta=180
Warning: IDENTICAL PERIODICITY! REPLACING OLD VALUES BY: 
  k=0.24  n=2  delta=180

Warning: DUPLICATE DIHEDRAL ENTRY FOR CT1-CT2-CA-CA
PREVIOUS VALUES MULTIPLICITY: 2
  k=0.24  n=2  delta=180
  k=1.07  n=1  delta=0
INCREASING MULTIPLICITY TO: 3
  k=0.17  n=3  delta=180

Warning: DUPLICATE DIHEDRAL ENTRY FOR CA-CT2-CT1-C
PREVIOUS VALUES MULTIPLICITY: 1
  k=0.04  n=3  delta=0
INCREASING MULTIPLICITY TO: 2
  k=1.28  n=1  delta=180

Warning: DUPLICATE DIHEDRAL ENTRY FOR CA-CT2-CT1-C
PREVIOUS VALUES MULTIPLICITY: 2
  k=0.04  n=3  delta=0
  k=1.28  n=1  delta=180
INCREASING MULTIPLICITY TO: 3
  k=0.94  n=2  delta=180

Warning: DUPLICATE DIHEDRAL ENTRY FOR CA-CT2-CT1-C
PREVIOUS VALUES MULTIPLICITY: 3
  k=0.04  n=3  delta=0
Warning: IDENTICAL PERIODICITY! REPLACING OLD VALUES BY: 
  k=1.57  n=3  delta=180

Warning: DUPLICATE DIHEDRAL ENTRY FOR H-OH1-CT2-CT1
PREVIOUS VALUES MULTIPLICITY: 3
  k=1.3  n=1  delta=0
Warning: IDENTICAL PERIODICITY! REPLACING OLD VALUES BY: 
  k=0.02  n=1  delta=0

Warning: DUPLICATE DIHEDRAL ENTRY FOR H-OH1-CT2-CT1
PREVIOUS VALUES MULTIPLICITY: 3
  k=0.02  n=1  delta=0
  k=0.3  n=2  delta=0
Warning: IDENTICAL PERIODICITY! REPLACING OLD VALUES BY: 
  k=0.56  n=2  delta=0

Warning: DUPLICATE DIHEDRAL ENTRY FOR H-OH1-CT2-CT1
PREVIOUS VALUES MULTIPLICITY: 3
  k=0.02  n=1  delta=0
  k=0.56  n=2  delta=0
  k=0.42  n=3  delta=0
Warning: IDENTICAL PERIODICITY! REPLACING OLD VALUES BY: 
  k=0.49  n=3  delta=0

Warning: DUPLICATE DIHEDRAL ENTRY FOR H-OH1-CT1-CT1
PREVIOUS VALUES MULTIPLICITY: 3
  k=1.33  n=1  delta=0
Warning: IDENTICAL PERIODICITY! REPLACING OLD VALUES BY: 
  k=0.18  n=1  delta=0

Warning: DUPLICATE DIHEDRAL ENTRY FOR H-OH1-CT1-CT1
PREVIOUS VALUES MULTIPLICITY: 3
  k=0.18  n=1  delta=0
  k=0.18  n=2  delta=0
Warning: IDENTICAL PERIODICITY! REPLACING OLD VALUES BY: 
  k=0.06  n=2  delta=0

Warning: DUPLICATE DIHEDRAL ENTRY FOR H-OH1-CT1-CT1
PREVIOUS VALUES MULTIPLICITY: 3
  k=0.18  n=1  delta=0
  k=0.06  n=2  delta=0
  k=0.32  n=3  delta=0
Warning: IDENTICAL PERIODICITY! REPLACING OLD VALUES BY: 
  k=0.25  n=3  delta=0

Warning: DUPLICATE DIHEDRAL ENTRY FOR CT1-CT2-CY-CA
PREVIOUS VALUES MULTIPLICITY: 1
  k=0.23  n=2  delta=180
INCREASING MULTIPLICITY TO: 2
  k=0.03  n=1  delta=0

Warning: DUPLICATE DIHEDRAL ENTRY FOR CT1-CT2-CY-CA
PREVIOUS VALUES MULTIPLICITY: 2
  k=0.23  n=2  delta=180
Warning: IDENTICAL PERIODICITY! REPLACING OLD VALUES BY: 
  k=0.55  n=2  delta=0

Warning: DUPLICATE DIHEDRAL ENTRY FOR CT1-CT2-CY-CA
PREVIOUS VALUES MULTIPLICITY: 2
  k=0.55  n=2  delta=0
  k=0.03  n=1  delta=0
INCREASING MULTIPLICITY TO: 3
  k=0.39  n=3  delta=180

Warning: DUPLICATE DIHEDRAL ENTRY FOR CT1-CT2-CY-CPT
PREVIOUS VALUES MULTIPLICITY: 1
  k=0.23  n=2  delta=180
INCREASING MULTIPLICITY TO: 2
  k=0.36  n=1  delta=180

Warning: DUPLICATE DIHEDRAL ENTRY FOR CT1-CT2-CY-CPT
PREVIOUS VALUES MULTIPLICITY: 2
  k=0.23  n=2  delta=180
Warning: IDENTICAL PERIODICITY! REPLACING OLD VALUES BY: 
  k=0.05  n=2  delta=0

Warning: DUPLICATE DIHEDRAL ENTRY FOR CT1-CT2-CY-CPT
PREVIOUS VALUES MULTIPLICITY: 2
  k=0.05  n=2  delta=0
  k=0.36  n=1  delta=180
INCREASING MULTIPLICITY TO: 3
  k=0.19  n=3  delta=180

Warning: DUPLICATE IMPROPER DIHEDRAL ENTRY FOR NC2-X-X-C
PREVIOUS VALUES MULTIPLICITY 1
  k=40  n=0  delta=0
USING VALUES MULTIPLICITY 1
  k=45  n=0  delta=0
Warning: DUPLICATE CMAP ENTRY FOR C-NH1-CT1-C NH1-CT1-C-NH1, USING NEW VALUES

Warning: DUPLICATE CMAP ENTRY FOR C-NH1-CT1-C NH1-CT1-C-N, USING NEW VALUES

Warning: DUPLICATE CMAP ENTRY FOR C-N-CP1-C N-CP1-C-NH1, USING NEW VALUES

Warning: DUPLICATE CMAP ENTRY FOR C-N-CP1-C N-CP1-C-N, USING NEW VALUES

Warning: DUPLICATE CMAP ENTRY FOR C-NH1-CT2-C NH1-CT2-C-NH1, USING NEW VALUES

Warning: DUPLICATE CMAP ENTRY FOR C-NH1-CT2-C NH1-CT2-C-N, USING NEW VALUES
Warning: DUPLICATE vdW ENTRY FOR CPT
PREVIOUS VALUES  sigma=3.20724 epsilon=0.09 sigma14=3.38542 epsilon14=0.09
   USING VALUES  sigma=3.31414 epsilon=0.099 sigma14=3.31414 epsilon14=0.099
Warning: DUPLICATE vdW ENTRY FOR CY
PREVIOUS VALUES  sigma=3.55005 epsilon=0.07 sigma14=3.55005 epsilon14=0.07
   USING VALUES  sigma=3.54578 epsilon=0.073 sigma14=3.54578 epsilon14=0.073
Warning: DUPLICATE vdW ENTRY FOR CT1
PREVIOUS VALUES  sigma=4.05359 epsilon=0.02 sigma14=3.38542 epsilon14=0.01
   USING VALUES  sigma=3.56359 epsilon=0.032 sigma14=3.38542 epsilon14=0.01
Warning: DUPLICATE vdW ENTRY FOR CT2
PREVIOUS VALUES  sigma=3.87541 epsilon=0.055 sigma14=3.38542 epsilon14=0.01
   USING VALUES  sigma=3.58141 epsilon=0.056 sigma14=3.38542 epsilon14=0.01
Warning: DUPLICATE vdW ENTRY FOR CT3
PREVIOUS VALUES  sigma=3.6705 epsilon=0.08 sigma14=3.38542 epsilon14=0.01
   USING VALUES  sigma=3.63487 epsilon=0.078 sigma14=3.38542 epsilon14=0.01
Warning: DUPLICATE vdW ENTRY FOR HA1
PREVIOUS VALUES  sigma=2.35197 epsilon=0.022 sigma14=2.35197 epsilon14=0.022
   USING VALUES  sigma=2.38761 epsilon=0.045 sigma14=2.38761 epsilon14=0.045
Warning: DUPLICATE vdW ENTRY FOR HA2
PREVIOUS VALUES  sigma=2.38761 epsilon=0.028 sigma14=2.38761 epsilon14=0.028
   USING VALUES  sigma=2.38761 epsilon=0.034 sigma14=2.38761 epsilon14=0.034
FATAL ERROR: UNKNOWN PARAMETER IN CHARMM PARAMETER FILE /home/leandro/programs/toppar/charmm/toppar_water_ions.str
LINE=*31  1*
